2022-06-08 19:12:26,895 ERROR [log] Button not found 
2022-06-08 19:12:26,895 INFO  [log] **************************************************************************************** 
2022-06-08 19:12:26,895 INFO  [log] **************************************************************************************** 
2022-06-08 19:12:26,897 INFO  [log] $$$$$$$$$$$$$$$$$$$$$                 homepahes       $$$$$$$$$$$$$$$$$$$$$$$$$ 
2022-06-08 19:12:26,897 INFO  [log] **************************************************************************************** 
2022-06-08 19:12:26,897 INFO  [log] **************************************************************************************** 
2022-06-08 19:12:29,595 INFO  [log] XXXXXXXXXXXXXXXXXXXXXXX             -E---N---D-             XXXXXXXXXXXXXXXXXXXXXX 
2022-06-08 19:12:29,595 INFO  [log] X 
2022-06-08 19:12:29,595 INFO  [log] X 
2022-06-08 19:12:29,595 INFO  [log] X 
2022-06-08 19:12:29,595 INFO  [log] X 
2022-06-08 19:13:09,352 INFO  [log] login button found 
2022-06-08 19:13:09,352 INFO  [log] **************************************************************************************** 
2022-06-08 19:13:09,352 INFO  [log] **************************************************************************************** 
2022-06-08 19:13:09,353 INFO  [log] $$$$$$$$$$$$$$$$$$$$$                 homepahes       $$$$$$$$$$$$$$$$$$$$$$$$$ 
2022-06-08 19:13:09,353 INFO  [log] **************************************************************************************** 
2022-06-08 19:13:09,353 INFO  [log] **************************************************************************************** 
2022-06-08 19:13:12,085 INFO  [log] XXXXXXXXXXXXXXXXXXXXXXX             -E---N---D-             XXXXXXXXXXXXXXXXXXXXXX 
2022-06-08 19:13:12,085 INFO  [log] X 
2022-06-08 19:13:12,085 INFO  [log] X 
2022-06-08 19:13:12,085 INFO  [log] X 
2022-06-08 19:13:12,085 INFO  [log] X 
