2022-06-08 19:12:26,895 ERROR [log] Button not found 
2022-06-08 19:12:26,895 INFO  [log] **************************************************************************************** 
2022-06-08 19:12:26,895 INFO  [log] **************************************************************************************** 
2022-06-08 19:12:26,897 INFO  [log] $$$$$$$$$$$$$$$$$$$$$                 homepahes       $$$$$$$$$$$$$$$$$$$$$$$$$ 
2022-06-08 19:12:26,897 INFO  [log] **************************************************************************************** 
2022-06-08 19:12:26,897 INFO  [log] **************************************************************************************** 
2022-06-08 19:12:29,595 INFO  [log] XXXXXXXXXXXXXXXXXXXXXXX             -E---N---D-             XXXXXXXXXXXXXXXXXXXXXX 
2022-06-08 19:12:29,595 INFO  [log] X 
2022-06-08 19:12:29,595 INFO  [log] X 
2022-06-08 19:12:29,595 INFO  [log] X 
2022-06-08 19:12:29,595 INFO  [log] X 
2022-06-08 19:13:09,352 INFO  [log] login button found 
2022-06-08 19:13:09,352 INFO  [log] **************************************************************************************** 
2022-06-08 19:13:09,352 INFO  [log] **************************************************************************************** 
2022-06-08 19:13:09,353 INFO  [log] $$$$$$$$$$$$$$$$$$$$$                 homepahes       $$$$$$$$$$$$$$$$$$$$$$$$$ 
2022-06-08 19:13:09,353 INFO  [log] **************************************************************************************** 
2022-06-08 19:13:09,353 INFO  [log] **************************************************************************************** 
2022-06-08 19:13:12,085 INFO  [log] XXXXXXXXXXXXXXXXXXXXXXX             -E---N---D-             XXXXXXXXXXXXXXXXXXXXXX 
2022-06-08 19:13:12,085 INFO  [log] X 
2022-06-08 19:13:12,085 INFO  [log] X 
2022-06-08 19:13:12,085 INFO  [log] X 
2022-06-08 19:13:12,085 INFO  [log] X 
2022-06-08 22:21:10,577 INFO  [log] login button found 
2022-06-08 22:21:10,603 INFO  [log] **************************************************************************************** 
2022-06-08 22:21:10,604 INFO  [log] **************************************************************************************** 
2022-06-08 22:21:10,608 INFO  [log] $$$$$$$$$$$$$$$$$$$$$                 homepahes       $$$$$$$$$$$$$$$$$$$$$$$$$ 
2022-06-08 22:21:10,608 INFO  [log] **************************************************************************************** 
2022-06-08 22:21:10,608 INFO  [log] **************************************************************************************** 
2022-06-08 22:21:16,395 INFO  [log] XXXXXXXXXXXXXXXXXXXXXXX             -E---N---D-             XXXXXXXXXXXXXXXXXXXXXX 
2022-06-08 22:21:16,395 INFO  [log] X 
2022-06-08 22:21:16,395 INFO  [log] X 
2022-06-08 22:21:16,395 INFO  [log] X 
2022-06-08 22:21:16,395 INFO  [log] X 
2022-06-09 01:28:21,843 INFO  [log] login button found 
2022-06-09 01:28:21,874 INFO  [log] **************************************************************************************** 
2022-06-09 01:28:21,874 INFO  [log] **************************************************************************************** 
2022-06-09 01:28:21,877 INFO  [log] $$$$$$$$$$$$$$$$$$$$$                 homepahes       $$$$$$$$$$$$$$$$$$$$$$$$$ 
2022-06-09 01:28:21,877 INFO  [log] **************************************************************************************** 
2022-06-09 01:28:21,877 INFO  [log] **************************************************************************************** 
2022-06-09 01:28:25,468 INFO  [log] XXXXXXXXXXXXXXXXXXXXXXX             -E---N---D-             XXXXXXXXXXXXXXXXXXXXXX 
2022-06-09 01:28:25,468 INFO  [log] X 
2022-06-09 01:28:25,468 INFO  [log] X 
2022-06-09 01:28:25,468 INFO  [log] X 
2022-06-09 01:28:25,468 INFO  [log] X 
